<?xml version="1.0" encoding="UTF-8"?>
<!-- Generated by org.testng.reporters.JUnitReportReporter -->
<testsuite hostname="BRTL059" name="com.api.PostAPiTest.PostApiTest" tests="1" failures="0" timestamp="22 Apr 2020 16:07:41 GMT" time="3.055" errors="0">
  <testcase name="postApi" time="3.055" classname="com.api.PostAPiTest.PostApiTest"/>
</testsuite> <!-- com.api.PostAPiTest.PostApiTest -->
