<?xml version="1.0" encoding="UTF-8"?>
<!-- Generated by org.testng.reporters.JUnitReportReporter -->
<testsuite hostname="BRTL059" name="com.api.ExecuteRestApi.ExecuteRestAPi" tests="1" failures="0" timestamp="22 Apr 2020 17:01:30 GMT" time="10.677" errors="0">
  <testcase name="getapiresponse" time="10.677" classname="com.api.ExecuteRestApi.ExecuteRestAPi"/>
</testsuite> <!-- com.api.ExecuteRestApi.ExecuteRestAPi -->
