<?xml version="1.0" encoding="UTF-8"?>
<!-- Generated by org.testng.reporters.JUnitReportReporter -->
<testsuite skipped="0" hostname="BRTL059" name="com.api.testrestapi.RestAPI" tests="1" failures="0" timestamp="2020-04-22T01:32:41 PDT" time="2.535" errors="0">
  <testcase name="getApiTest" time="2.535" classname="com.api.testrestapi.RestAPI"/>
  <system-out/>
</testsuite> <!-- com.api.testrestapi.RestAPI -->
